<?xml version="1.0" encoding="utf-8"?>
<!DOCTYPE coverage SYSTEM "http://cobertura.sourceforge.net/xml/coverage-04.dtd">
<coverage line-rate="0.13476263399693722" branch-rate="0.04758883248730964" lines-covered="264" lines-valid="1959" branches-covered="75" branches-valid="1576" complexity="1757" version="0" timestamp="1775575156">
  <sources>
    <source>/home/runner/work/oop-s2-1-mvc-83361/oop-s2-1-mvc-83361/</source>
  </sources>
  <packages>
    <package name="Library.Domain" line-rate="0.7972972972972973" branch-rate="1" complexity="75">
      <classes>
        <class name="Library.Domain.Assignment" filename="/home/runner/work/oop-s2-1-mvc-83361/oop-s2-1-mvc-83361/Library.Domain/Assignment.cs" line-rate="0.8571428571428571" branch-rate="1" complexity="7">
          <methods>
            <method name="get_Id" signature="()" line-rate="1" branch-rate="1" complexity="1">
              <lines>
                <line number="12" hits="24" branch="false" />
              </lines>
            </method>
            <method name="get_CourseId" signature="()" line-rate="1" branch-rate="1" complexity="1">
              <lines>
                <line number="13" hits="16" branch="false" />
              </lines>
            </method>
            <method name="get_Course" signature="()" line-rate="0" branch-rate="1" complexity="1">
              <lines>
                <line number="14" hits="0" branch="false" />
              </lines>
            </method>
            <method name="get_Title" signature="()" line-rate="1" branch-rate="1" complexity="1">
              <lines>
                <line number="15" hits="12" branch="false" />
              </lines>
            </method>
            <method name="get_MaxScore" signature="()" line-rate="1" branch-rate="1" complexity="1">
              <lines>
                <line number="16" hits="38" branch="false" />
              </lines>
            </method>
            <method name="get_DueDate" signature="()" line-rate="1" branch-rate="1" complexity="1">
              <lines>
                <line number="17" hits="10" branch="false" />
              </lines>
            </method>
            <method name="get_AssignmentResults" signature="()" line-rate="1" branch-rate="1" complexity="1">
              <lines>
                <line number="18" hits="20" branch="false" />
              </lines>
            </method>
          </methods>
          <lines>
            <line number="12" hits="24" branch="false" />
            <line number="13" hits="16" branch="false" />
            <line number="14" hits="0" branch="false" />
            <line number="15" hits="12" branch="false" />
            <line number="16" hits="38" branch="false" />
            <line number="17" hits="10" branch="false" />
            <line number="18" hits="20" branch="false" />
          </lines>
        </class>
        <class name="Library.Domain.AssignmentResult" filename="/home/runner/work/oop-s2-1-mvc-83361/oop-s2-1-mvc-83361/Library.Domain/AssignmentResult.cs" line-rate="0.7142857142857143" branch-rate="1" complexity="7">
          <methods>
            <method name="get_Id" signature="()" line-rate="1" branch-rate="1" complexity="1">
              <lines>
                <line number="11" hits="12" branch="false" />
              </lines>
            </method>
            <method name="get_AssignmentId" signature="()" line-rate="1" branch-rate="1" complexity="1">
              <lines>
                <line number="12" hits="22" branch="false" />
              </lines>
            </method>
            <method name="get_Assignment" signature="()" line-rate="0" branch-rate="1" complexity="1">
              <lines>
                <line number="13" hits="0" branch="false" />
              </lines>
            </method>
            <method name="get_StudentProfileId" signature="()" line-rate="1" branch-rate="1" complexity="1">
              <lines>
                <line number="14" hits="22" branch="false" />
              </lines>
            </method>
            <method name="get_StudentProfile" signature="()" line-rate="0" branch-rate="1" complexity="1">
              <lines>
                <line number="15" hits="0" branch="false" />
              </lines>
            </method>
            <method name="get_Score" signature="()" line-rate="1" branch-rate="1" complexity="1">
              <lines>
                <line number="16" hits="14" branch="false" />
              </lines>
            </method>
            <method name="get_Feedback" signature="()" line-rate="1" branch-rate="1" complexity="1">
              <lines>
                <line number="17" hits="12" branch="false" />
              </lines>
            </method>
          </methods>
          <lines>
            <line number="11" hits="12" branch="false" />
            <line number="12" hits="22" branch="false" />
            <line number="13" hits="0" branch="false" />
            <line number="14" hits="22" branch="false" />
            <line number="15" hits="0" branch="false" />
            <line number="16" hits="14" branch="false" />
            <line number="17" hits="12" branch="false" />
          </lines>
        </class>
        <class name="Library.Domain.AttendanceRecord" filename="/home/runner/work/oop-s2-1-mvc-83361/oop-s2-1-mvc-83361/Library.Domain/AttendanceRecord.cs" line-rate="0.8" branch-rate="1" complexity="5">
          <methods>
            <method name="get_Id" signature="()" line-rate="1" branch-rate="1" complexity="1">
              <lines>
                <line number="11" hits="20" branch="false" />
              </lines>
            </method>
            <method name="get_CourseEnrolmentId" signature="()" line-rate="1" branch-rate="1" complexity="1">
              <lines>
                <line number="12" hits="50" branch="false" />
              </lines>
            </method>
            <method name="get_CourseEnrolment" signature="()" line-rate="0" branch-rate="1" complexity="1">
              <lines>
                <line number="13" hits="0" branch="false" />
              </lines>
            </method>
            <method name="get_Date" signature="()" line-rate="1" branch-rate="1" complexity="1">
              <lines>
                <line number="14" hits="40" branch="false" />
              </lines>
            </method>
            <method name="get_Present" signature="()" line-rate="1" branch-rate="1" complexity="1">
              <lines>
                <line number="15" hits="20" branch="false" />
              </lines>
            </method>
          </methods>
          <lines>
            <line number="11" hits="20" branch="false" />
            <line number="12" hits="50" branch="false" />
            <line number="13" hits="0" branch="false" />
            <line number="14" hits="40" branch="false" />
            <line number="15" hits="20" branch="false" />
          </lines>
        </class>
        <class name="Library.Domain.Branch" filename="/home/runner/work/oop-s2-1-mvc-83361/oop-s2-1-mvc-83361/Library.Domain/Branch.cs" line-rate="1" branch-rate="1" complexity="4">
          <methods>
            <method name="get_Id" signature="()" line-rate="1" branch-rate="1" complexity="1">
              <lines>
                <line number="12" hits="12" branch="false" />
              </lines>
            </method>
            <method name="get_Name" signature="()" line-rate="1" branch-rate="1" complexity="1">
              <lines>
                <line number="13" hits="10" branch="false" />
              </lines>
            </method>
            <method name="get_Address" signature="()" line-rate="1" branch-rate="1" complexity="1">
              <lines>
                <line number="14" hits="8" branch="false" />
              </lines>
            </method>
            <method name="get_Courses" signature="()" line-rate="1" branch-rate="1" complexity="1">
              <lines>
                <line number="15" hits="8" branch="false" />
              </lines>
            </method>
          </methods>
          <lines>
            <line number="12" hits="12" branch="false" />
            <line number="13" hits="10" branch="false" />
            <line number="14" hits="8" branch="false" />
            <line number="15" hits="8" branch="false" />
          </lines>
        </class>
        <class name="Library.Domain.Course" filename="/home/runner/work/oop-s2-1-mvc-83361/oop-s2-1-mvc-83361/Library.Domain/Course.cs" line-rate="0.7777777777777778" branch-rate="1" complexity="9">
          <methods>
            <method name="get_Id" signature="()" line-rate="1" branch-rate="1" complexity="1">
              <lines>
                <line number="12" hits="22" branch="false" />
              </lines>
            </method>
            <method name="get_Name" signature="()" line-rate="1" branch-rate="1" complexity="1">
              <lines>
                <line number="13" hits="20" branch="false" />
              </lines>
            </method>
            <method name="get_BranchId" signature="()" line-rate="1" branch-rate="1" complexity="1">
              <lines>
                <line number="14" hits="16" branch="false" />
              </lines>
            </method>
            <method name="get_Branch" signature="()" line-rate="0" branch-rate="1" complexity="1">
              <lines>
                <line number="15" hits="0" branch="false" />
              </lines>
            </method>
            <method name="get_StartDate" signature="()" line-rate="1" branch-rate="1" complexity="1">
              <lines>
                <line number="16" hits="14" branch="false" />
              </lines>
            </method>
            <method name="get_EndDate" signature="()" line-rate="1" branch-rate="1" complexity="1">
              <lines>
                <line number="17" hits="14" branch="false" />
              </lines>
            </method>
            <method name="get_Enrolments" signature="()" line-rate="1" branch-rate="1" complexity="1">
              <lines>
                <line number="18" hits="18" branch="false" />
              </lines>
            </method>
            <method name="get_FacultyId" signature="()" line-rate="1" branch-rate="1" complexity="1">
              <lines>
                <line number="19" hits="20" branch="false" />
              </lines>
            </method>
            <method name="get_Faculty" signature="()" line-rate="0" branch-rate="1" complexity="1">
              <lines>
                <line number="20" hits="0" branch="false" />
              </lines>
            </method>
          </methods>
          <lines>
            <line number="12" hits="22" branch="false" />
            <line number="13" hits="20" branch="false" />
            <line number="14" hits="16" branch="false" />
            <line number="15" hits="0" branch="false" />
            <line number="16" hits="14" branch="false" />
            <line number="17" hits="14" branch="false" />
            <line number="18" hits="18" branch="false" />
            <line number="19" hits="20" branch="false" />
            <line number="20" hits="0" branch="false" />
          </lines>
        </class>
        <class name="Library.Domain.CourseEnrolment" filename="/home/runner/work/oop-s2-1-mvc-83361/oop-s2-1-mvc-83361/Library.Domain/CourseEnrolment.cs" line-rate="0.7142857142857143" branch-rate="1" complexity="7">
          <methods>
            <method name="get_Id" signature="()" line-rate="1" branch-rate="1" complexity="1">
              <lines>
                <line number="11" hits="16" branch="false" />
              </lines>
            </method>
            <method name="get_StudentProfileId" signature="()" line-rate="1" branch-rate="1" complexity="1">
              <lines>
                <line number="12" hits="28" branch="false" />
              </lines>
            </method>
            <method name="get_StudentProfile" signature="()" line-rate="0" branch-rate="1" complexity="1">
              <lines>
                <line number="13" hits="0" branch="false" />
              </lines>
            </method>
            <method name="get_CourseId" signature="()" line-rate="1" branch-rate="1" complexity="1">
              <lines>
                <line number="14" hits="18" branch="false" />
              </lines>
            </method>
            <method name="get_Course" signature="()" line-rate="0" branch-rate="1" complexity="1">
              <lines>
                <line number="15" hits="0" branch="false" />
              </lines>
            </method>
            <method name="get_EnrolDate" signature="()" line-rate="1" branch-rate="1" complexity="1">
              <lines>
                <line number="16" hits="12" branch="false" />
              </lines>
            </method>
            <method name="get_Status" signature="()" line-rate="1" branch-rate="1" complexity="1">
              <lines>
                <line number="17" hits="18" branch="false" />
              </lines>
            </method>
          </methods>
          <lines>
            <line number="11" hits="16" branch="false" />
            <line number="12" hits="28" branch="false" />
            <line number="13" hits="0" branch="false" />
            <line number="14" hits="18" branch="false" />
            <line number="15" hits="0" branch="false" />
            <line number="16" hits="12" branch="false" />
            <line number="17" hits="18" branch="false" />
          </lines>
        </class>
        <class name="Library.Domain.Exam" filename="/home/runner/work/oop-s2-1-mvc-83361/oop-s2-1-mvc-83361/Library.Domain/Exam.cs" line-rate="0.8571428571428571" branch-rate="1" complexity="7">
          <methods>
            <method name="get_Id" signature="()" line-rate="1" branch-rate="1" complexity="1">
              <lines>
                <line number="12" hits="44" branch="false" />
              </lines>
            </method>
            <method name="get_Title" signature="()" line-rate="1" branch-rate="1" complexity="1">
              <lines>
                <line number="13" hits="14" branch="false" />
              </lines>
            </method>
            <method name="get_CourseId" signature="()" line-rate="1" branch-rate="1" complexity="1">
              <lines>
                <line number="14" hits="12" branch="false" />
              </lines>
            </method>
            <method name="get_Course" signature="()" line-rate="0" branch-rate="1" complexity="1">
              <lines>
                <line number="15" hits="0" branch="false" />
              </lines>
            </method>
            <method name="get_Date" signature="()" line-rate="1" branch-rate="1" complexity="1">
              <lines>
                <line number="16" hits="12" branch="false" />
              </lines>
            </method>
            <method name="get_MaxScore" signature="()" line-rate="1" branch-rate="1" complexity="1">
              <lines>
                <line number="17" hits="62" branch="false" />
              </lines>
            </method>
            <method name="get_ResultsReleased" signature="()" line-rate="1" branch-rate="1" complexity="1">
              <lines>
                <line number="18" hits="28" branch="false" />
              </lines>
            </method>
          </methods>
          <lines>
            <line number="12" hits="44" branch="false" />
            <line number="13" hits="14" branch="false" />
            <line number="14" hits="12" branch="false" />
            <line number="15" hits="0" branch="false" />
            <line number="16" hits="12" branch="false" />
            <line number="17" hits="62" branch="false" />
            <line number="18" hits="28" branch="false" />
          </lines>
        </class>
        <class name="Library.Domain.ExamResult" filename="/home/runner/work/oop-s2-1-mvc-83361/oop-s2-1-mvc-83361/Library.Domain/ExamResult.cs" line-rate="0.9" branch-rate="1" complexity="11">
          <methods>
            <method name="get_Id" signature="()" line-rate="1" branch-rate="1" complexity="1">
              <lines>
                <line number="11" hits="22" branch="false" />
              </lines>
            </method>
            <method name="get_StudentProfileId" signature="()" line-rate="1" branch-rate="1" complexity="1">
              <lines>
                <line number="12" hits="24" branch="false" />
              </lines>
            </method>
            <method name="get_StudentProfile" signature="()" line-rate="0" branch-rate="1" complexity="1">
              <lines>
                <line number="13" hits="0" branch="false" />
              </lines>
            </method>
            <method name="get_ExamId" signature="()" line-rate="1" branch-rate="1" complexity="1">
              <lines>
                <line number="14" hits="18" branch="false" />
              </lines>
            </method>
            <method name="get_Exam" signature="()" line-rate="1" branch-rate="1" complexity="1">
              <lines>
                <line number="15" hits="42" branch="false" />
              </lines>
            </method>
            <method name="get_Score" signature="()" line-rate="1" branch-rate="1" complexity="1">
              <lines>
                <line number="16" hits="24" branch="false" />
              </lines>
            </method>
            <method name="get_Grade" signature="()" line-rate="1" branch-rate="1" complexity="4">
              <lines>
                <line number="21" hits="6" branch="true" condition-coverage="100% (4/4)" />
                <line number="22" hits="2" branch="false" />
                <line number="24" hits="4" branch="false" />
              </lines>
            </method>
            <method name="get_EndDate" signature="()" line-rate="1" branch-rate="1" complexity="1">
              <lines>
                <line number="27" hits="18" branch="false" />
              </lines>
            </method>
          </methods>
          <lines>
            <line number="11" hits="22" branch="false" />
            <line number="12" hits="24" branch="false" />
            <line number="13" hits="0" branch="false" />
            <line number="14" hits="18" branch="false" />
            <line number="15" hits="42" branch="false" />
            <line number="16" hits="24" branch="false" />
            <line number="21" hits="6" branch="true" condition-coverage="100% (4/4)" />
            <line number="22" hits="2" branch="false" />
            <line number="24" hits="4" branch="false" />
            <line number="27" hits="18" branch="false" />
          </lines>
        </class>
        <class name="Library.Domain.FacultyProfile" filename="/home/runner/work/oop-s2-1-mvc-83361/oop-s2-1-mvc-83361/Library.Domain/FacultyProfile.cs" line-rate="0.7142857142857143" branch-rate="1" complexity="7">
          <methods>
            <method name="get_Id" signature="()" line-rate="1" branch-rate="1" complexity="1">
              <lines>
                <line number="13" hits="30" branch="false" />
              </lines>
            </method>
            <method name="get_IdentityUserId" signature="()" line-rate="0" branch-rate="1" complexity="1">
              <lines>
                <line number="14" hits="0" branch="false" />
              </lines>
            </method>
            <method name="get_Faculty" signature="()" line-rate="0" branch-rate="1" complexity="1">
              <lines>
                <line number="15" hits="0" branch="false" />
              </lines>
            </method>
            <method name="get_Name" signature="()" line-rate="1" branch-rate="1" complexity="1">
              <lines>
                <line number="16" hits="14" branch="false" />
              </lines>
            </method>
            <method name="get_Email" signature="()" line-rate="1" branch-rate="1" complexity="1">
              <lines>
                <line number="17" hits="14" branch="false" />
              </lines>
            </method>
            <method name="get_Phone" signature="()" line-rate="1" branch-rate="1" complexity="1">
              <lines>
                <line number="18" hits="14" branch="false" />
              </lines>
            </method>
            <method name="get_Courses" signature="()" line-rate="1" branch-rate="1" complexity="1">
              <lines>
                <line number="19" hits="26" branch="false" />
              </lines>
            </method>
          </methods>
          <lines>
            <line number="13" hits="30" branch="false" />
            <line number="14" hits="0" branch="false" />
            <line number="15" hits="0" branch="false" />
            <line number="16" hits="14" branch="false" />
            <line number="17" hits="14" branch="false" />
            <line number="18" hits="14" branch="false" />
            <line number="19" hits="26" branch="false" />
          </lines>
        </class>
        <class name="Library.Domain.StudentProfile" filename="/home/runner/work/oop-s2-1-mvc-83361/oop-s2-1-mvc-83361/Library.Domain/StudentProfile.cs" line-rate="0.7272727272727273" branch-rate="1" complexity="11">
          <methods>
            <method name="get_Id" signature="()" line-rate="1" branch-rate="1" complexity="1">
              <lines>
                <line number="13" hits="14" branch="false" />
              </lines>
            </method>
            <method name="get_IdentityUserId" signature="()" line-rate="0" branch-rate="1" complexity="1">
              <lines>
                <line number="14" hits="0" branch="false" />
              </lines>
            </method>
            <method name="get_Student" signature="()" line-rate="0" branch-rate="1" complexity="1">
              <lines>
                <line number="15" hits="0" branch="false" />
              </lines>
            </method>
            <method name="get_Name" signature="()" line-rate="1" branch-rate="1" complexity="1">
              <lines>
                <line number="16" hits="10" branch="false" />
              </lines>
            </method>
            <method name="get_Email" signature="()" line-rate="1" branch-rate="1" complexity="1">
              <lines>
                <line number="17" hits="10" branch="false" />
              </lines>
            </method>
            <method name="get_Phone" signature="()" line-rate="1" branch-rate="1" complexity="1">
              <lines>
                <line number="18" hits="10" branch="false" />
              </lines>
            </method>
            <method name="get_Address" signature="()" line-rate="1" branch-rate="1" complexity="1">
              <lines>
                <line number="19" hits="10" branch="false" />
              </lines>
            </method>
            <method name="get_StudentNumber" signature="()" line-rate="0" branch-rate="1" complexity="1">
              <lines>
                <line number="20" hits="0" branch="false" />
              </lines>
            </method>
            <method name="get_CourseEnrolments" signature="()" line-rate="1" branch-rate="1" complexity="1">
              <lines>
                <line number="21" hits="8" branch="false" />
              </lines>
            </method>
            <method name="get_AssignmentResults" signature="()" line-rate="1" branch-rate="1" complexity="1">
              <lines>
                <line number="22" hits="8" branch="false" />
              </lines>
            </method>
            <method name="get_ExamsResults" signature="()" line-rate="1" branch-rate="1" complexity="1">
              <lines>
                <line number="23" hits="8" branch="false" />
              </lines>
            </method>
          </methods>
          <lines>
            <line number="13" hits="14" branch="false" />
            <line number="14" hits="0" branch="false" />
            <line number="15" hits="0" branch="false" />
            <line number="16" hits="10" branch="false" />
            <line number="17" hits="10" branch="false" />
            <line number="18" hits="10" branch="false" />
            <line number="19" hits="10" branch="false" />
            <line number="20" hits="0" branch="false" />
            <line number="21" hits="8" branch="false" />
            <line number="22" hits="8" branch="false" />
            <line number="23" hits="8" branch="false" />
          </lines>
        </class>
      </classes>
    </package>
    <package name="Library.MVC" line-rate="0.10875331564986737" branch-rate="0.045165394402035625" complexity="1682">
      <classes>
        <class name="AspNetCoreGeneratedDocument.Areas_Identity_Pages__ViewStart" filename="/home/runner/work/oop-s2-1-mvc-83361/oop-s2-1-mvc-83361/Library.MVC/Areas/Identity/Pages/_ViewStart.cshtml" line-rate="0" branch-rate="1" complexity="1">
          <methods>
            <method name="ExecuteAsync" signature="()" line-rate="0" branch-rate="1" complexity="1">
              <lines>
                <line number="2" hits="0" branch="false" />
              </lines>
            </method>
          </methods>
          <lines>
            <line number="2" hits="0" branch="false" />
          </lines>
        </class>
        <class name="AspNetCoreGeneratedDocument.Views__ViewStart" filename="/home/runner/work/oop-s2-1-mvc-83361/oop-s2-1-mvc-83361/Library.MVC/Views/_ViewStart.cshtml" line-rate="0" branch-rate="1" complexity="1">
          <methods>
            <method name="ExecuteAsync" signature="()" line-rate="0" branch-rate="1" complexity="1">
              <lines>
                <line number="2" hits="0" branch="false" />
              </lines>
            </method>
          </methods>
          <lines>
            <line number="2" hits="0" branch="false" />
          </lines>
        </class>
        <class name="AspNetCoreGeneratedDocument.Views_AssignmentResults_Create" filename="/home/runner/work/oop-s2-1-mvc-83361/oop-s2-1-mvc-83361/Library.MVC/Views/AssignmentResults/Create.cshtml" line-rate="0" branch-rate="0" complexity="2">
          <methods>
            <method name="ExecuteAsync" signature="()" line-rate="0" branch-rate="0" complexity="2">
              <lines>
                <line number="4" hits="0" branch="true" condition-coverage="0% (0/2)" />
              </lines>
            </method>
          </methods>
          <lines>
            <line number="4" hits="0" branch="true" condition-coverage="0% (0/2)" />
          </lines>
        </class>
        <class name="AspNetCoreGeneratedDocument.Views_AssignmentResults_Delete" filename="/home/runner/work/oop-s2-1-mvc-83361/oop-s2-1-mvc-83361/Library.MVC/Views/AssignmentResults/Delete.cshtml" line-rate="0" branch-rate="0" complexity="2">
          <methods>
            <method name="ExecuteAsync" signature="()" line-rate="0" branch-rate="0" complexity="2">
              <lines>
                <line number="4" hits="0" branch="true" condition-coverage="0% (0/2)" />
              </lines>
            </method>
          </methods>
          <lines>
            <line number="4" hits="0" branch="true" condition-coverage="0% (0/2)" />
          </lines>
        </class>
        <class name="AspNetCoreGeneratedDocument.Views_AssignmentResults_Details" filename="/home/runner/work/oop-s2-1-mvc-83361/oop-s2-1-mvc-83361/Library.MVC/Views/AssignmentResults/Details.cshtml" line-rate="0" branch-rate="0" complexity="28">
          <methods>
            <method name="ExecuteAsync" signature="()" line-rate="0" branch-rate="0" complexity="28">
              <lines>
                <line number="4" hits="0" branch="false" />
                <line number="5" hits="0" branch="true" condition-coverage="0% (0/2)" />
                <line number="19" hits="0" branch="true" condition-coverage="0% (0/8)" />
                <line number="33" hits="0" branch="true" condition-coverage="0% (0/8)" />
                <line number="55" hits="0" branch="true" condition-coverage="0% (0/10)" />
              </lines>
            </method>
          </methods>
          <lines>
            <line number="4" hits="0" branch="false" />
            <line number="5" hits="0" branch="true" condition-coverage="0% (0/2)" />
            <line number="19" hits="0" branch="true" condition-coverage="0% (0/8)" />
            <line number="33" hits="0" branch="true" condition-coverage="0% (0/8)" />
            <line number="55" hits="0" branch="true" condition-coverage="0% (0/10)" />
          </lines>
        </class>
        <class name="AspNetCoreGeneratedDocument.Views_AssignmentResults_Edit" filename="/home/runner/work/oop-s2-1-mvc-83361/oop-s2-1-mvc-83361/Library.MVC/Views/AssignmentResults/Edit.cshtml" line-rate="0" branch-rate="0" complexity="2">
          <methods>
            <method name="ExecuteAsync" signature="()" line-rate="0" branch-rate="0" complexity="2">
              <lines>
                <line number="4" hits="0" branch="true" condition-coverage="0% (0/2)" />
              </lines>
            </method>
          </methods>
          <lines>
            <line number="4" hits="0" branch="true" condition-coverage="0% (0/2)" />
          </lines>
        </class>
        <class name="AspNetCoreGeneratedDocument.Views_AssignmentResults_Index" filename="/home/runner/work/oop-s2-1-mvc-83361/oop-s2-1-mvc-83361/Library.MVC/Views/AssignmentResults/Index.cshtml" line-rate="0" branch-rate="0" complexity="48">
          <methods>
            <method name="ExecuteAsync" signature="()" line-rate="0" branch-rate="0" complexity="48">
              <lines>
                <line number="4" hits="0" branch="false" />
                <line number="5" hits="0" branch="true" condition-coverage="0% (0/2)" />
                <line number="14" hits="0" branch="true" condition-coverage="0% (0/6)" />
                <line number="37" hits="0" branch="true" condition-coverage="0% (0/2)" />
                <line number="41" hits="0" branch="true" condition-coverage="0% (0/8)" />
                <line number="53" hits="0" branch="true" condition-coverage="0% (0/8)" />
                <line number="68" hits="0" branch="true" condition-coverage="0% (0/12)" />
                <line number="76" hits="0" branch="true" condition-coverage="0% (0/10)" />
                <line number="92" hits="0" branch="false" />
              </lines>
            </method>
          </methods>
          <lines>
            <line number="4" hits="0" branch="false" />
            <line number="5" hits="0" branch="true" condition-coverage="0% (0/2)" />
            <line number="14" hits="0" branch="true" condition-coverage="0% (0/6)" />
            <line number="37" hits="0" branch="true" condition-coverage="0% (0/2)" />
            <line number="41" hits="0" branch="true" condition-coverage="0% (0/8)" />
            <line number="53" hits="0" branch="true" condition-coverage="0% (0/8)" />
            <line number="68" hits="0" branch="true" condition-coverage="0% (0/12)" />
            <line number="76" hits="0" branch="true" condition-coverage="0% (0/10)" />
            <line number="92" hits="0" branch="false" />
          </lines>
        </class>
        <class name="AspNetCoreGeneratedDocument.Views_Assignments_Create" filename="/home/runner/work/oop-s2-1-mvc-83361/oop-s2-1-mvc-83361/Library.MVC/Views/Assignments/Create.cshtml" line-rate="0" branch-rate="0" complexity="5">
          <methods>
            <method name="&lt;ExecuteAsync" signature="()" line-rate="0" branch-rate="1" complexity="1">
              <lines>
                <line number="46" hits="0" branch="false" />
              </lines>
            </method>
            <method name="ExecuteAsync" signature="()" line-rate="0" branch-rate="0" complexity="4">
              <lines>
                <line number="4" hits="0" branch="true" condition-coverage="0% (0/4)" />
              </lines>
            </method>
          </methods>
          <lines>
            <line number="4" hits="0" branch="true" condition-coverage="0% (0/4)" />
            <line number="46" hits="0" branch="false" />
          </lines>
        </class>
        <class name="AspNetCoreGeneratedDocument.Views_Assignments_Delete" filename="/home/runner/work/oop-s2-1-mvc-83361/oop-s2-1-mvc-83361/Library.MVC/Views/Assignments/Delete.cshtml" line-rate="0" branch-rate="0" complexity="2">
          <methods>
            <method name="ExecuteAsync" signature="()" line-rate="0" branch-rate="0" complexity="2">
              <lines>
                <line number="4" hits="0" branch="true" condition-coverage="0% (0/2)" />
              </lines>
            </method>
          </methods>
          <lines>
            <line number="4" hits="0" branch="true" condition-coverage="0% (0/2)" />
          </lines>
        </class>
        <class name="AspNetCoreGeneratedDocument.Views_Assignments_Details" filename="/home/runner/work/oop-s2-1-mvc-83361/oop-s2-1-mvc-83361/Library.MVC/Views/Assignments/Details.cshtml" line-rate="0" branch-rate="0" complexity="20">
          <methods>
            <method name="ExecuteAsync" signature="()" line-rate="0" branch-rate="0" complexity="20">
              <lines>
                <line number="4" hits="0" branch="true" condition-coverage="0% (0/2)" />
                <line number="45" hits="0" branch="true" condition-coverage="0% (0/4)" />
                <line number="48" hits="0" branch="true" condition-coverage="0% (0/14)" />
              </lines>
            </method>
          </methods>
          <lines>
            <line number="4" hits="0" branch="true" condition-coverage="0% (0/2)" />
            <line number="45" hits="0" branch="true" condition-coverage="0% (0/4)" />
            <line number="48" hits="0" branch="true" condition-coverage="0% (0/14)" />
          </lines>
        </class>
        <class name="AspNetCoreGeneratedDocument.Views_Assignments_Edit" filename="/home/runner/work/oop-s2-1-mvc-83361/oop-s2-1-mvc-83361/Library.MVC/Views/Assignments/Edit.cshtml" line-rate="0" branch-rate="0" complexity="5">
          <methods>
            <method name="&lt;ExecuteAsync" signature="()" line-rate="0" branch-rate="1" complexity="1">
              <lines>
                <line number="48" hits="0" branch="false" />
              </lines>
            </method>
            <method name="ExecuteAsync" signature="()" line-rate="0" branch-rate="0" complexity="4">
              <lines>
                <line number="4" hits="0" branch="true" condition-coverage="0% (0/4)" />
              </lines>
            </method>
          </methods>
          <lines>
            <line number="4" hits="0" branch="true" condition-coverage="0% (0/4)" />
            <line number="48" hits="0" branch="false" />
          </lines>
        </class>
        <class name="AspNetCoreGeneratedDocument.Views_Assignments_Index" filename="/home/runner/work/oop-s2-1-mvc-83361/oop-s2-1-mvc-83361/Library.MVC/Views/Assignments/Index.cshtml" line-rate="0" branch-rate="0" complexity="72">
          <methods>
            <method name="ExecuteAsync" signature="()" line-rate="0" branch-rate="0" complexity="72">
              <lines>
                <line number="4" hits="0" branch="false" />
                <line number="6" hits="0" branch="true" condition-coverage="0% (0/2)" />
                <line number="7" hits="0" branch="true" condition-coverage="0% (0/2)" />
                <line number="18" hits="0" branch="true" condition-coverage="0% (0/6)" />
                <line number="42" hits="0" branch="true" condition-coverage="0% (0/2)" />
                <line number="45" hits="0" branch="true" condition-coverage="0% (0/4)" />
                <line number="48" hits="0" branch="false" />
                <line number="49" hits="0" branch="true" condition-coverage="0% (0/2)" />
                <line number="51" hits="0" branch="true" condition-coverage="0% (0/2)" />
                <line number="52" hits="0" branch="false" />
                <line number="53" hits="0" branch="true" condition-coverage="0% (0/2)" />
                <line number="54" hits="0" branch="false" />
                <line number="57" hits="0" branch="false" />
                <line number="58" hits="0" branch="false" />
                <line number="59" hits="0" branch="true" condition-coverage="0% (0/6)" />
                <line number="60" hits="0" branch="false" />
                <line number="61" hits="0" branch="false" />
                <line number="79" hits="0" branch="true" condition-coverage="0% (0/2)" />
                <line number="91" hits="0" branch="true" condition-coverage="0% (0/2)" />
                <line number="93" hits="0" branch="true" condition-coverage="0% (0/2)" />
                <line number="104" hits="0" branch="true" condition-coverage="0% (0/2)" />
                <line number="118" hits="0" branch="true" condition-coverage="0% (0/16)" />
                <line number="136" hits="0" branch="true" condition-coverage="0% (0/14)" />
                <line number="147" hits="0" branch="true" condition-coverage="0% (0/8)" />
                <line number="156" hits="0" branch="false" />
              </lines>
            </method>
          </methods>
          <lines>
            <line number="4" hits="0" branch="false" />
            <line number="6" hits="0" branch="true" condition-coverage="0% (0/2)" />
            <line number="7" hits="0" branch="true" condition-coverage="0% (0/2)" />
            <line number="18" hits="0" branch="true" condition-coverage="0% (0/6)" />
            <line number="42" hits="0" branch="true" condition-coverage="0% (0/2)" />
            <line number="45" hits="0" branch="true" condition-coverage="0% (0/4)" />
            <line number="48" hits="0" branch="false" />
            <line number="49" hits="0" branch="true" condition-coverage="0% (0/2)" />
            <line number="51" hits="0" branch="true" condition-coverage="0% (0/2)" />
            <line number="52" hits="0" branch="false" />
            <line number="53" hits="0" branch="true" condition-coverage="0% (0/2)" />
            <line number="54" hits="0" branch="false" />
            <line number="57" hits="0" branch="false" />
            <line number="58" hits="0" branch="false" />
            <line number="59" hits="0" branch="true" condition-coverage="0% (0/6)" />
            <line number="60" hits="0" branch="false" />
            <line number="61" hits="0" branch="false" />
            <line number="79" hits="0" branch="true" condition-coverage="0% (0/2)" />
            <line number="91" hits="0" branch="true" condition-coverage="0% (0/2)" />
            <line number="93" hits="0" branch="true" condition-coverage="0% (0/2)" />
            <line number="104" hits="0" branch="true" condition-coverage="0% (0/2)" />
            <line number="118" hits="0" branch="true" condition-coverage="0% (0/16)" />
            <line number="136" hits="0" branch="true" condition-coverage="0% (0/14)" />
            <line number="147" hits="0" branch="true" condition-coverage="0% (0/8)" />
            <line number="156" hits="0" branch="false" />
          </lines>
        </class>
        <class name="AspNetCoreGeneratedDocument.Views_AttendanceRecords_Create" filename="/home/runner/work/oop-s2-1-mvc-83361/oop-s2-1-mvc-83361/Library.MVC/Views/AttendanceRecords/Create.cshtml" line-rate="0" branch-rate="0" complexity="2">
          <methods>
            <method name="ExecuteAsync" signature="()" line-rate="0" branch-rate="0" complexity="2">
              <lines>
                <line number="4" hits="0" branch="true" condition-coverage="0% (0/2)" />
              </lines>
            </method>
          </methods>
          <lines>
            <line number="4" hits="0" branch="true" condition-coverage="0% (0/2)" />
          </lines>
        </class>
        <class name="AspNetCoreGeneratedDocument.Views_AttendanceRecords_Delete" filename="/home/runner/work/oop-s2-1-mvc-83361/oop-s2-1-mvc-83361/Library.MVC/Views/AttendanceRecords/Delete.cshtml" line-rate="0" branch-rate="0" complexity="12">
          <methods>
            <method name="ExecuteAsync" signature="()" line-rate="0" branch-rate="0" complexity="12">
              <lines>
                <line number="4" hits="0" branch="true" condition-coverage="0% (0/8)" />
                <line number="34" hits="0" branch="true" condition-coverage="0% (0/4)" />
              </lines>
            </method>
          </methods>
          <lines>
            <line number="4" hits="0" branch="true" condition-coverage="0% (0/8)" />
            <line number="34" hits="0" branch="true" condition-coverage="0% (0/4)" />
          </lines>
        </class>
        <class name="AspNetCoreGeneratedDocument.Views_AttendanceRecords_Details" filename="/home/runner/work/oop-s2-1-mvc-83361/oop-s2-1-mvc-83361/Library.MVC/Views/AttendanceRecords/Details.cshtml" line-rate="0" branch-rate="0" complexity="20">
          <methods>
            <method name="ExecuteAsync" signature="()" line-rate="0" branch-rate="0" complexity="20">
              <lines>
                <line number="4" hits="0" branch="false" />
                <line number="5" hits="0" branch="true" condition-coverage="0% (0/10)" />
                <line number="32" hits="0" branch="true" condition-coverage="0% (0/2)" />
                <line number="46" hits="0" branch="true" condition-coverage="0% (0/8)" />
              </lines>
            </method>
          </methods>
          <lines>
            <line number="4" hits="0" branch="false" />
            <line number="5" hits="0" branch="true" condition-coverage="0% (0/10)" />
            <line number="32" hits="0" branch="true" condition-coverage="0% (0/2)" />
            <line number="46" hits="0" branch="true" condition-coverage="0% (0/8)" />
          </lines>
        </class>
        <class name="AspNetCoreGeneratedDocument.Views_AttendanceRecords_Edit" filename="/home/runner/work/oop-s2-1-mvc-83361/oop-s2-1-mvc-83361/Library.MVC/Views/AttendanceRecords/Edit.cshtml" line-rate="0" branch-rate="0" complexity="2">
          <methods>
            <method name="ExecuteAsync" signature="()" line-rate="0" branch-rate="0" complexity="2">
              <lines>
                <line number="4" hits="0" branch="true" condition-coverage="0% (0/2)" />
              </lines>
            </method>
          </methods>
          <lines>
            <line number="4" hits="0" branch="true" condition-coverage="0% (0/2)" />
          </lines>
        </class>
        <class name="AspNetCoreGeneratedDocument.Views_AttendanceRecords_Index" filename="/home/runner/work/oop-s2-1-mvc-83361/oop-s2-1-mvc-83361/Library.MVC/Views/AttendanceRecords/Index.cshtml" line-rate="0" branch-rate="0" complexity="32">
          <methods>
            <method name="ExecuteAsync" signature="()" line-rate="0" branch-rate="0" complexity="32">
              <lines>
                <line number="4" hits="0" branch="false" />
                <line number="5" hits="0" branch="false" />
                <line number="6" hits="0" branch="false" />
                <line number="7" hits="0" branch="false" />
                <line number="13" hits="0" branch="true" condition-coverage="0% (0/4)" />
                <line number="32" hits="0" branch="true" condition-coverage="0% (0/10)" />
                <line number="54" hits="0" branch="true" condition-coverage="0% (0/6)" />
                <line number="69" hits="0" branch="true" condition-coverage="0% (0/6)" />
                <line number="74" hits="0" branch="true" condition-coverage="0% (0/6)" />
                <line number="83" hits="0" branch="false" />
              </lines>
            </method>
          </methods>
          <lines>
            <line number="4" hits="0" branch="false" />
            <line number="5" hits="0" branch="false" />
            <line number="6" hits="0" branch="false" />
            <line number="7" hits="0" branch="false" />
            <line number="13" hits="0" branch="true" condition-coverage="0% (0/4)" />
            <line number="32" hits="0" branch="true" condition-coverage="0% (0/10)" />
            <line number="54" hits="0" branch="true" condition-coverage="0% (0/6)" />
            <line number="69" hits="0" branch="true" condition-coverage="0% (0/6)" />
            <line number="74" hits="0" branch="true" condition-coverage="0% (0/6)" />
            <line number="83" hits="0" branch="false" />
          </lines>
        </class>
        <class name="AspNetCoreGeneratedDocument.Views_Branches_Create" filename="/home/runner/work/oop-s2-1-mvc-83361/oop-s2-1-mvc-83361/Library.MVC/Views/Branches/Create.cshtml" line-rate="0" branch-rate="0" complexity="3">
          <methods>
            <method name="&lt;ExecuteAsync" signature="()" line-rate="0" branch-rate="1" complexity="1">
              <lines>
                <line number="36" hits="0" branch="false" />
              </lines>
            </method>
            <method name="ExecuteAsync" signature="()" line-rate="0" branch-rate="0" complexity="2">
              <lines>
                <line number="4" hits="0" branch="true" condition-coverage="0% (0/2)" />
              </lines>
            </method>
          </methods>
          <lines>
            <line number="4" hits="0" branch="true" condition-coverage="0% (0/2)" />
            <line number="36" hits="0" branch="false" />
          </lines>
        </class>
        <class name="AspNetCoreGeneratedDocument.Views_Branches_Delete" filename="/home/runner/work/oop-s2-1-mvc-83361/oop-s2-1-mvc-83361/Library.MVC/Views/Branches/Delete.cshtml" line-rate="0" branch-rate="0" complexity="2">
          <methods>
            <method name="ExecuteAsync" signature="()" line-rate="0" branch-rate="0" complexity="2">
              <lines>
                <line number="4" hits="0" branch="true" condition-coverage="0% (0/2)" />
              </lines>
            </method>
          </methods>
          <lines>
            <line number="4" hits="0" branch="true" condition-coverage="0% (0/2)" />
          </lines>
        </class>
        <class name="AspNetCoreGeneratedDocument.Views_Branches_Details" filename="/home/runner/work/oop-s2-1-mvc-83361/oop-s2-1-mvc-83361/Library.MVC/Views/Branches/Details.cshtml" line-rate="0" branch-rate="0" complexity="18">
          <methods>
            <method name="ExecuteAsync" signature="()" line-rate="0" branch-rate="0" complexity="18">
              <lines>
                <line number="4" hits="0" branch="false" />
                <line number="24" hits="0" branch="true" condition-coverage="0% (0/4)" />
                <line number="27" hits="0" branch="true" condition-coverage="0% (0/14)" />
              </lines>
            </method>
          </methods>
          <lines>
            <line number="4" hits="0" branch="false" />
            <line number="24" hits="0" branch="true" condition-coverage="0% (0/4)" />
            <line number="27" hits="0" branch="true" condition-coverage="0% (0/14)" />
          </lines>
        </class>
        <class name="AspNetCoreGeneratedDocument.Views_Branches_Edit" filename="/home/runner/work/oop-s2-1-mvc-83361/oop-s2-1-mvc-83361/Library.MVC/Views/Branches/Edit.cshtml" line-rate="0" branch-rate="0" complexity="3">
          <methods>
            <method name="&lt;ExecuteAsync" signature="()" line-rate="0" branch-rate="1" complexity="1">
              <lines>
                <line number="37" hits="0" branch="false" />
              </lines>
            </method>
            <method name="ExecuteAsync" signature="()" line-rate="0" branch-rate="0" complexity="2">
              <lines>
                <line number="4" hits="0" branch="true" condition-coverage="0% (0/2)" />
              </lines>
            </method>
          </methods>
          <lines>
            <line number="4" hits="0" branch="true" condition-coverage="0% (0/2)" />
            <line number="37" hits="0" branch="false" />
          </lines>
        </class>
        <class name="AspNetCoreGeneratedDocument.Views_Branches_Index" filename="/home/runner/work/oop-s2-1-mvc-83361/oop-s2-1-mvc-83361/Library.MVC/Views/Branches/Index.cshtml" line-rate="0" branch-rate="0" complexity="16">
          <methods>
            <method name="ExecuteAsync" signature="()" line-rate="0" branch-rate="0" complexity="16">
              <lines>
                <line number="4" hits="0" branch="true" condition-coverage="0% (0/2)" />
                <line number="25" hits="0" branch="true" condition-coverage="0% (0/14)" />
                <line number="43" hits="0" branch="false" />
              </lines>
            </method>
          </methods>
          <lines>
            <line number="4" hits="0" branch="true" condition-coverage="0% (0/2)" />
            <line number="25" hits="0" branch="true" condition-coverage="0% (0/14)" />
            <line number="43" hits="0" branch="false" />
          </lines>
        </class>
        <class name="AspNetCoreGeneratedDocument.Views_CourseEnrolments_Create" filename="/home/runner/work/oop-s2-1-mvc-83361/oop-s2-1-mvc-83361/Library.MVC/Views/CourseEnrolments/Create.cshtml" line-rate="0" branch-rate="0" complexity="3">
          <methods>
            <method name="&lt;ExecuteAsync" signature="()" line-rate="0" branch-rate="1" complexity="1">
              <lines>
                <line number="46" hits="0" branch="false" />
              </lines>
            </method>
            <method name="ExecuteAsync" signature="()" line-rate="0" branch-rate="0" complexity="2">
              <lines>
                <line number="4" hits="0" branch="true" condition-coverage="0% (0/2)" />
              </lines>
            </method>
          </methods>
          <lines>
            <line number="4" hits="0" branch="true" condition-coverage="0% (0/2)" />
            <line number="46" hits="0" branch="false" />
          </lines>
        </class>
        <class name="AspNetCoreGeneratedDocument.Views_CourseEnrolments_Delete" filename="/home/runner/work/oop-s2-1-mvc-83361/oop-s2-1-mvc-83361/Library.MVC/Views/CourseEnrolments/Delete.cshtml" line-rate="0" branch-rate="0" complexity="2">
          <methods>
            <method name="ExecuteAsync" signature="()" line-rate="0" branch-rate="0" complexity="2">
              <lines>
                <line number="4" hits="0" branch="true" condition-coverage="0% (0/2)" />
              </lines>
            </method>
          </methods>
          <lines>
            <line number="4" hits="0" branch="true" condition-coverage="0% (0/2)" />
          </lines>
        </class>
        <class name="AspNetCoreGeneratedDocument.Views_CourseEnrolments_Details" filename="/home/runner/work/oop-s2-1-mvc-83361/oop-s2-1-mvc-83361/Library.MVC/Views/CourseEnrolments/Details.cshtml" line-rate="0" branch-rate="0" complexity="16">
          <methods>
            <method name="ExecuteAsync" signature="()" line-rate="0" branch-rate="0" complexity="16">
              <lines>
                <line number="4" hits="0" branch="false" />
                <line number="5" hits="0" branch="true" condition-coverage="0% (0/8)" />
                <line number="37" hits="0" branch="true" condition-coverage="0% (0/8)" />
              </lines>
            </method>
          </methods>
          <lines>
            <line number="4" hits="0" branch="false" />
            <line number="5" hits="0" branch="true" condition-coverage="0% (0/8)" />
            <line number="37" hits="0" branch="true" condition-coverage="0% (0/8)" />
          </lines>
        </class>
        <class name="AspNetCoreGeneratedDocument.Views_CourseEnrolments_Edit" filename="/home/runner/work/oop-s2-1-mvc-83361/oop-s2-1-mvc-83361/Library.MVC/Views/CourseEnrolments/Edit.cshtml" line-rate="0" branch-rate="0" complexity="3">
          <methods>
            <method name="&lt;ExecuteAsync" signature="()" line-rate="0" branch-rate="1" complexity="1">
              <lines>
                <line number="49" hits="0" branch="false" />
              </lines>
            </method>
            <method name="ExecuteAsync" signature="()" line-rate="0" branch-rate="0" complexity="2">
              <lines>
                <line number="4" hits="0" branch="true" condition-coverage="0% (0/2)" />
              </lines>
            </method>
          </methods>
          <lines>
            <line number="4" hits="0" branch="true" condition-coverage="0% (0/2)" />
            <line number="49" hits="0" branch="false" />
          </lines>
        </class>
        <class name="AspNetCoreGeneratedDocument.Views_CourseEnrolments_Index" filename="/home/runner/work/oop-s2-1-mvc-83361/oop-s2-1-mvc-83361/Library.MVC/Views/CourseEnrolments/Index.cshtml" line-rate="0" branch-rate="0" complexity="28">
          <methods>
            <method name="ExecuteAsync" signature="()" line-rate="0" branch-rate="0" complexity="28">
              <lines>
                <line number="4" hits="0" branch="false" />
                <line number="5" hits="0" branch="false" />
                <line number="10" hits="0" branch="true" condition-coverage="0% (0/4)" />
                <line number="30" hits="0" branch="true" condition-coverage="0% (0/14)" />
                <line number="49" hits="0" branch="true" condition-coverage="0% (0/10)" />
                <line number="60" hits="0" branch="false" />
              </lines>
            </method>
          </methods>
          <lines>
            <line number="4" hits="0" branch="false" />
            <line number="5" hits="0" branch="false" />
            <line number="10" hits="0" branch="true" condition-coverage="0% (0/4)" />
            <line number="30" hits="0" branch="true" condition-coverage="0% (0/14)" />
            <line number="49" hits="0" branch="true" condition-coverage="0% (0/10)" />
            <line number="60" hits="0" branch="false" />
          </lines>
        </class>
        <class name="AspNetCoreGeneratedDocument.Views_Courses_Create" filename="/home/runner/work/oop-s2-1-mvc-83361/oop-s2-1-mvc-83361/Library.MVC/Views/Courses/Create.cshtml" line-rate="0" branch-rate="0" complexity="5">
          <methods>
            <method name="&lt;ExecuteAsync" signature="()" line-rate="0" branch-rate="1" complexity="1">
              <lines>
                <line number="50" hits="0" branch="false" />
              </lines>
            </method>
            <method name="ExecuteAsync" signature="()" line-rate="0" branch-rate="0" complexity="4">
              <lines>
                <line number="4" hits="0" branch="true" condition-coverage="0% (0/4)" />
              </lines>
            </method>
          </methods>
          <lines>
            <line number="4" hits="0" branch="true" condition-coverage="0% (0/4)" />
            <line number="50" hits="0" branch="false" />
          </lines>
        </class>
        <class name="AspNetCoreGeneratedDocument.Views_Courses_Delete" filename="/home/runner/work/oop-s2-1-mvc-83361/oop-s2-1-mvc-83361/Library.MVC/Views/Courses/Delete.cshtml" line-rate="0" branch-rate="0" complexity="2">
          <methods>
            <method name="ExecuteAsync" signature="()" line-rate="0" branch-rate="0" complexity="2">
              <lines>
                <line number="4" hits="0" branch="true" condition-coverage="0% (0/2)" />
              </lines>
            </method>
          </methods>
          <lines>
            <line number="4" hits="0" branch="true" condition-coverage="0% (0/2)" />
          </lines>
        </class>
        <class name="AspNetCoreGeneratedDocument.Views_Courses_Details" filename="/home/runner/work/oop-s2-1-mvc-83361/oop-s2-1-mvc-83361/Library.MVC/Views/Courses/Details.cshtml" line-rate="0" branch-rate="0" complexity="38">
          <methods>
            <method name="ExecuteAsync" signature="()" line-rate="0" branch-rate="0" complexity="38">
              <lines>
                <line number="4" hits="0" branch="false" />
                <line number="6" hits="0" branch="true" condition-coverage="0% (0/4)" />
                <line number="7" hits="0" branch="false" />
                <line number="8" hits="0" branch="false" />
                <line number="10" hits="0" branch="true" condition-coverage="0% (0/6)" />
                <line number="63" hits="0" branch="true" condition-coverage="0% (0/4)" />
                <line number="66" hits="0" branch="true" condition-coverage="0% (0/2)" />
                <line number="68" hits="0" branch="true" condition-coverage="0% (0/2)" />
                <line number="76" hits="0" branch="true" condition-coverage="0% (0/10)" />
                <line number="94" hits="0" branch="false" />
                <line number="106" hits="0" branch="true" condition-coverage="0% (0/10)" />
              </lines>
            </method>
          </methods>
          <lines>
            <line number="4" hits="0" branch="false" />
            <line number="6" hits="0" branch="true" condition-coverage="0% (0/4)" />
            <line number="7" hits="0" branch="false" />
            <line number="8" hits="0" branch="false" />
            <line number="10" hits="0" branch="true" condition-coverage="0% (0/6)" />
            <line number="63" hits="0" branch="true" condition-coverage="0% (0/4)" />
            <line number="66" hits="0" branch="true" condition-coverage="0% (0/2)" />
            <line number="68" hits="0" branch="true" condition-coverage="0% (0/2)" />
            <line number="76" hits="0" branch="true" condition-coverage="0% (0/10)" />
            <line number="94" hits="0" branch="false" />
            <line number="106" hits="0" branch="true" condition-coverage="0% (0/10)" />
          </lines>
        </class>
        <class name="AspNetCoreGeneratedDocument.Views_Courses_Edit" filename="/home/runner/work/oop-s2-1-mvc-83361/oop-s2-1-mvc-83361/Library.MVC/Views/Courses/Edit.cshtml" line-rate="0" branch-rate="0" complexity="5">
          <methods>
            <method name="&lt;ExecuteAsync" signature="()" line-rate="0" branch-rate="1" complexity="1">
              <lines>
                <line number="53" hits="0" branch="false" />
              </lines>
            </method>
            <method name="ExecuteAsync" signature="()" line-rate="0" branch-rate="0" complexity="4">
              <lines>
                <line number="4" hits="0" branch="true" condition-coverage="0% (0/4)" />
              </lines>
            </method>
          </methods>
          <lines>
            <line number="4" hits="0" branch="true" condition-coverage="0% (0/4)" />
            <line number="53" hits="0" branch="false" />
          </lines>
        </class>
        <class name="AspNetCoreGeneratedDocument.Views_Courses_Index" filename="/home/runner/work/oop-s2-1-mvc-83361/oop-s2-1-mvc-83361/Library.MVC/Views/Courses/Index.cshtml" line-rate="0" branch-rate="0" complexity="34">
          <methods>
            <method name="ExecuteAsync" signature="()" line-rate="0" branch-rate="0" complexity="34">
              <lines>
                <line number="4" hits="0" branch="false" />
                <line number="5" hits="0" branch="true" condition-coverage="0% (0/4)" />
                <line number="6" hits="0" branch="false" />
                <line number="7" hits="0" branch="false" />
                <line number="12" hits="0" branch="true" condition-coverage="0% (0/4)" />
                <line number="32" hits="0" branch="true" condition-coverage="0% (0/2)" />
                <line number="34" hits="0" branch="true" condition-coverage="0% (0/14)" />
                <line number="73" hits="0" branch="true" condition-coverage="0% (0/10)" />
                <line number="85" hits="0" branch="false" />
              </lines>
            </method>
          </methods>
          <lines>
            <line number="4" hits="0" branch="false" />
            <line number="5" hits="0" branch="true" condition-coverage="0% (0/4)" />
            <line number="6" hits="0" branch="false" />
            <line number="7" hits="0" branch="false" />
            <line number="12" hits="0" branch="true" condition-coverage="0% (0/4)" />
            <line number="32" hits="0" branch="true" condition-coverage="0% (0/2)" />
            <line number="34" hits="0" branch="true" condition-coverage="0% (0/14)" />
            <line number="73" hits="0" branch="true" condition-coverage="0% (0/10)" />
            <line number="85" hits="0" branch="false" />
          </lines>
        </class>
        <class name="AspNetCoreGeneratedDocument.Views_ExamResults_Create" filename="/home/runner/work/oop-s2-1-mvc-83361/oop-s2-1-mvc-83361/Library.MVC/Views/ExamResults/Create.cshtml" line-rate="0" branch-rate="0" complexity="3">
          <methods>
            <method name="&lt;ExecuteAsync" signature="()" line-rate="0" branch-rate="1" complexity="1">
              <lines>
                <line number="47" hits="0" branch="false" />
              </lines>
            </method>
            <method name="ExecuteAsync" signature="()" line-rate="0" branch-rate="0" complexity="2">
              <lines>
                <line number="4" hits="0" branch="true" condition-coverage="0% (0/2)" />
              </lines>
            </method>
          </methods>
          <lines>
            <line number="4" hits="0" branch="true" condition-coverage="0% (0/2)" />
            <line number="47" hits="0" branch="false" />
          </lines>
        </class>
        <class name="AspNetCoreGeneratedDocument.Views_ExamResults_Delete" filename="/home/runner/work/oop-s2-1-mvc-83361/oop-s2-1-mvc-83361/Library.MVC/Views/ExamResults/Delete.cshtml" line-rate="0" branch-rate="0" complexity="2">
          <methods>
            <method name="ExecuteAsync" signature="()" line-rate="0" branch-rate="0" complexity="2">
              <lines>
                <line number="4" hits="0" branch="true" condition-coverage="0% (0/2)" />
              </lines>
            </method>
          </methods>
          <lines>
            <line number="4" hits="0" branch="true" condition-coverage="0% (0/2)" />
          </lines>
        </class>
        <class name="AspNetCoreGeneratedDocument.Views_ExamResults_Details" filename="/home/runner/work/oop-s2-1-mvc-83361/oop-s2-1-mvc-83361/Library.MVC/Views/ExamResults/Details.cshtml" line-rate="0" branch-rate="0" complexity="8">
          <methods>
            <method name="ExecuteAsync" signature="()" line-rate="0" branch-rate="0" complexity="8">
              <lines>
                <line number="4" hits="0" branch="false" />
                <line number="5" hits="0" branch="false" />
                <line number="30" hits="0" branch="true" condition-coverage="0% (0/8)" />
              </lines>
            </method>
          </methods>
          <lines>
            <line number="4" hits="0" branch="false" />
            <line number="5" hits="0" branch="false" />
            <line number="30" hits="0" branch="true" condition-coverage="0% (0/8)" />
          </lines>
        </class>
        <class name="AspNetCoreGeneratedDocument.Views_ExamResults_Edit" filename="/home/runner/work/oop-s2-1-mvc-83361/oop-s2-1-mvc-83361/Library.MVC/Views/ExamResults/Edit.cshtml" line-rate="0" branch-rate="0" complexity="3">
          <methods>
            <method name="&lt;ExecuteAsync" signature="()" line-rate="0" branch-rate="1" complexity="1">
              <lines>
                <line number="48" hits="0" branch="false" />
              </lines>
            </method>
            <method name="ExecuteAsync" signature="()" line-rate="0" branch-rate="0" complexity="2">
              <lines>
                <line number="4" hits="0" branch="true" condition-coverage="0% (0/2)" />
              </lines>
            </method>
          </methods>
          <lines>
            <line number="4" hits="0" branch="true" condition-coverage="0% (0/2)" />
            <line number="48" hits="0" branch="false" />
          </lines>
        </class>
        <class name="AspNetCoreGeneratedDocument.Views_ExamResults_Index" filename="/home/runner/work/oop-s2-1-mvc-83361/oop-s2-1-mvc-83361/Library.MVC/Views/ExamResults/Index.cshtml" line-rate="0" branch-rate="0" complexity="20">
          <methods>
            <method name="ExecuteAsync" signature="()" line-rate="0" branch-rate="0" complexity="20">
              <lines>
                <line number="4" hits="0" branch="false" />
                <line number="5" hits="0" branch="false" />
                <line number="10" hits="0" branch="true" condition-coverage="0% (0/4)" />
                <line number="30" hits="0" branch="true" condition-coverage="0% (0/6)" />
                <line number="40" hits="0" branch="true" condition-coverage="0% (0/10)" />
                <line number="47" hits="0" branch="false" />
              </lines>
            </method>
          </methods>
          <lines>
            <line number="4" hits="0" branch="false" />
            <line number="5" hits="0" branch="false" />
            <line number="10" hits="0" branch="true" condition-coverage="0% (0/4)" />
            <line number="30" hits="0" branch="true" condition-coverage="0% (0/6)" />
            <line number="40" hits="0" branch="true" condition-coverage="0% (0/10)" />
            <line number="47" hits="0" branch="false" />
          </lines>
        </class>
        <class name="AspNetCoreGeneratedDocument.Views_Exams_Create" filename="/home/runner/work/oop-s2-1-mvc-83361/oop-s2-1-mvc-83361/Library.MVC/Views/Exams/Create.cshtml" line-rate="0" branch-rate="0" complexity="3">
          <methods>
            <method name="&lt;ExecuteAsync" signature="()" line-rate="0" branch-rate="1" complexity="1">
              <lines>
                <line number="53" hits="0" branch="false" />
              </lines>
            </method>
            <method name="ExecuteAsync" signature="()" line-rate="0" branch-rate="0" complexity="2">
              <lines>
                <line number="4" hits="0" branch="true" condition-coverage="0% (0/2)" />
              </lines>
            </method>
          </methods>
          <lines>
            <line number="4" hits="0" branch="true" condition-coverage="0% (0/2)" />
            <line number="53" hits="0" branch="false" />
          </lines>
        </class>
        <class name="AspNetCoreGeneratedDocument.Views_Exams_Delete" filename="/home/runner/work/oop-s2-1-mvc-83361/oop-s2-1-mvc-83361/Library.MVC/Views/Exams/Delete.cshtml" line-rate="0" branch-rate="0" complexity="2">
          <methods>
            <method name="ExecuteAsync" signature="()" line-rate="0" branch-rate="0" complexity="2">
              <lines>
                <line number="4" hits="0" branch="true" condition-coverage="0% (0/2)" />
              </lines>
            </method>
          </methods>
          <lines>
            <line number="4" hits="0" branch="true" condition-coverage="0% (0/2)" />
          </lines>
        </class>
        <class name="AspNetCoreGeneratedDocument.Views_Exams_Details" filename="/home/runner/work/oop-s2-1-mvc-83361/oop-s2-1-mvc-83361/Library.MVC/Views/Exams/Details.cshtml" line-rate="0" branch-rate="0" complexity="30">
          <methods>
            <method name="ExecuteAsync" signature="()" line-rate="0" branch-rate="0" complexity="30">
              <lines>
                <line number="4" hits="0" branch="false" />
                <line number="5" hits="0" branch="false" />
                <line number="6" hits="0" branch="false" />
                <line number="32" hits="0" branch="true" condition-coverage="0% (0/8)" />
                <line number="36" hits="0" branch="true" condition-coverage="0% (0/6)" />
                <line number="46" hits="0" branch="true" condition-coverage="0% (0/8)" />
                <line number="55" hits="0" branch="true" condition-coverage="0% (0/8)" />
              </lines>
            </method>
          </methods>
          <lines>
            <line number="4" hits="0" branch="false" />
            <line number="5" hits="0" branch="false" />
            <line number="6" hits="0" branch="false" />
            <line number="32" hits="0" branch="true" condition-coverage="0% (0/8)" />
            <line number="36" hits="0" branch="true" condition-coverage="0% (0/6)" />
            <line number="46" hits="0" branch="true" condition-coverage="0% (0/8)" />
            <line number="55" hits="0" branch="true" condition-coverage="0% (0/8)" />
          </lines>
        </class>
        <class name="AspNetCoreGeneratedDocument.Views_Exams_Edit" filename="/home/runner/work/oop-s2-1-mvc-83361/oop-s2-1-mvc-83361/Library.MVC/Views/Exams/Edit.cshtml" line-rate="0" branch-rate="0" complexity="3">
          <methods>
            <method name="&lt;ExecuteAsync" signature="()" line-rate="0" branch-rate="1" complexity="1">
              <lines>
                <line number="54" hits="0" branch="false" />
              </lines>
            </method>
            <method name="ExecuteAsync" signature="()" line-rate="0" branch-rate="0" complexity="2">
              <lines>
                <line number="4" hits="0" branch="true" condition-coverage="0% (0/2)" />
              </lines>
            </method>
          </methods>
          <lines>
            <line number="4" hits="0" branch="true" condition-coverage="0% (0/2)" />
            <line number="54" hits="0" branch="false" />
          </lines>
        </class>
        <class name="AspNetCoreGeneratedDocument.Views_Exams_Index" filename="/home/runner/work/oop-s2-1-mvc-83361/oop-s2-1-mvc-83361/Library.MVC/Views/Exams/Index.cshtml" line-rate="0" branch-rate="0" complexity="20">
          <methods>
            <method name="ExecuteAsync" signature="()" line-rate="0" branch-rate="0" complexity="20">
              <lines>
                <line number="4" hits="0" branch="false" />
                <line number="5" hits="0" branch="false" />
                <line number="6" hits="0" branch="false" />
                <line number="11" hits="0" branch="true" condition-coverage="0% (0/4)" />
                <line number="32" hits="0" branch="true" condition-coverage="0% (0/6)" />
                <line number="44" hits="0" branch="true" condition-coverage="0% (0/10)" />
                <line number="55" hits="0" branch="false" />
              </lines>
            </method>
          </methods>
          <lines>
            <line number="4" hits="0" branch="false" />
            <line number="5" hits="0" branch="false" />
            <line number="6" hits="0" branch="false" />
            <line number="11" hits="0" branch="true" condition-coverage="0% (0/4)" />
            <line number="32" hits="0" branch="true" condition-coverage="0% (0/6)" />
            <line number="44" hits="0" branch="true" condition-coverage="0% (0/10)" />
            <line number="55" hits="0" branch="false" />
          </lines>
        </class>
        <class name="AspNetCoreGeneratedDocument.Views_FacultyProfiles_Create" filename="/home/runner/work/oop-s2-1-mvc-83361/oop-s2-1-mvc-83361/Library.MVC/Views/FacultyProfiles/Create.cshtml" line-rate="0" branch-rate="0" complexity="2">
          <methods>
            <method name="ExecuteAsync" signature="()" line-rate="0" branch-rate="0" complexity="2">
              <lines>
                <line number="4" hits="0" branch="true" condition-coverage="0% (0/2)" />
              </lines>
            </method>
          </methods>
          <lines>
            <line number="4" hits="0" branch="true" condition-coverage="0% (0/2)" />
          </lines>
        </class>
        <class name="AspNetCoreGeneratedDocument.Views_FacultyProfiles_Delete" filename="/home/runner/work/oop-s2-1-mvc-83361/oop-s2-1-mvc-83361/Library.MVC/Views/FacultyProfiles/Delete.cshtml" line-rate="0" branch-rate="0" complexity="2">
          <methods>
            <method name="ExecuteAsync" signature="()" line-rate="0" branch-rate="0" complexity="2">
              <lines>
                <line number="4" hits="0" branch="true" condition-coverage="0% (0/2)" />
              </lines>
            </method>
          </methods>
          <lines>
            <line number="4" hits="0" branch="true" condition-coverage="0% (0/2)" />
          </lines>
        </class>
        <class name="AspNetCoreGeneratedDocument.Views_FacultyProfiles_Details" filename="/home/runner/work/oop-s2-1-mvc-83361/oop-s2-1-mvc-83361/Library.MVC/Views/FacultyProfiles/Details.cshtml" line-rate="0" branch-rate="0" complexity="6">
          <methods>
            <method name="ExecuteAsync" signature="()" line-rate="0" branch-rate="0" complexity="6">
              <lines>
                <line number="4" hits="0" branch="true" condition-coverage="0% (0/6)" />
              </lines>
            </method>
          </methods>
          <lines>
            <line number="4" hits="0" branch="true" condition-coverage="0% (0/6)" />
          </lines>
        </class>
        <class name="AspNetCoreGeneratedDocument.Views_FacultyProfiles_Edit" filename="/home/runner/work/oop-s2-1-mvc-83361/oop-s2-1-mvc-83361/Library.MVC/Views/FacultyProfiles/Edit.cshtml" line-rate="0" branch-rate="0" complexity="2">
          <methods>
            <method name="ExecuteAsync" signature="()" line-rate="0" branch-rate="0" complexity="2">
              <lines>
                <line number="4" hits="0" branch="true" condition-coverage="0% (0/2)" />
              </lines>
            </method>
          </methods>
          <lines>
            <line number="4" hits="0" branch="true" condition-coverage="0% (0/2)" />
          </lines>
        </class>
        <class name="AspNetCoreGeneratedDocument.Views_FacultyProfiles_Index" filename="/home/runner/work/oop-s2-1-mvc-83361/oop-s2-1-mvc-83361/Library.MVC/Views/FacultyProfiles/Index.cshtml" line-rate="0" branch-rate="0" complexity="16">
          <methods>
            <method name="ExecuteAsync" signature="()" line-rate="0" branch-rate="0" complexity="16">
              <lines>
                <line number="4" hits="0" branch="true" condition-coverage="0% (0/2)" />
                <line number="26" hits="0" branch="true" condition-coverage="0% (0/14)" />
                <line number="45" hits="0" branch="false" />
              </lines>
            </method>
          </methods>
          <lines>
            <line number="4" hits="0" branch="true" condition-coverage="0% (0/2)" />
            <line number="26" hits="0" branch="true" condition-coverage="0% (0/14)" />
            <line number="45" hits="0" branch="false" />
          </lines>
        </class>
        <class name="AspNetCoreGeneratedDocument.Views_Home_Error" filename="/home/runner/work/oop-s2-1-mvc-83361/oop-s2-1-mvc-83361/Library.MVC/Views/Home/Error.cshtml" line-rate="0" branch-rate="0" complexity="4">
          <methods>
            <method name="ExecuteAsync" signature="()" line-rate="0" branch-rate="0" complexity="4">
              <lines>
                <line number="4" hits="0" branch="false" />
                <line number="15" hits="0" branch="true" condition-coverage="0% (0/4)" />
              </lines>
            </method>
          </methods>
          <lines>
            <line number="4" hits="0" branch="false" />
            <line number="15" hits="0" branch="true" condition-coverage="0% (0/4)" />
          </lines>
        </class>
        <class name="AspNetCoreGeneratedDocument.Views_Home_Index" filename="/home/runner/work/oop-s2-1-mvc-83361/oop-s2-1-mvc-83361/Library.MVC/Views/Home/Index.cshtml" line-rate="0" branch-rate="0" complexity="52">
          <methods>
            <method name="ExecuteAsync" signature="()" line-rate="0" branch-rate="0" complexity="52">
              <lines>
                <line number="6" hits="0" branch="false" />
                <line number="8" hits="0" branch="false" />
                <line number="11" hits="0" branch="false" />
                <line number="12" hits="0" branch="false" />
                <line number="13" hits="0" branch="false" />
                <line number="14" hits="0" branch="false" />
                <line number="15" hits="0" branch="true" condition-coverage="0% (0/44)" />
                <line number="16" hits="0" branch="false" />
                <line number="17" hits="0" branch="false" />
                <line number="18" hits="0" branch="false" />
                <line number="19" hits="0" branch="false" />
                <line number="20" hits="0" branch="false" />
                <line number="21" hits="0" branch="false" />
                <line number="22" hits="0" branch="false" />
                <line number="23" hits="0" branch="false" />
                <line number="24" hits="0" branch="false" />
                <line number="25" hits="0" branch="false" />
                <line number="26" hits="0" branch="false" />
                <line number="27" hits="0" branch="false" />
                <line number="28" hits="0" branch="false" />
                <line number="29" hits="0" branch="false" />
                <line number="30" hits="0" branch="false" />
                <line number="31" hits="0" branch="false" />
                <line number="32" hits="0" branch="false" />
                <line number="33" hits="0" branch="false" />
                <line number="34" hits="0" branch="false" />
                <line number="35" hits="0" branch="false" />
                <line number="36" hits="0" branch="false" />
                <line number="37" hits="0" branch="false" />
                <line number="38" hits="0" branch="false" />
                <line number="39" hits="0" branch="false" />
                <line number="40" hits="0" branch="false" />
                <line number="41" hits="0" branch="false" />
                <line number="42" hits="0" branch="false" />
                <line number="43" hits="0" branch="false" />
                <line number="44" hits="0" branch="false" />
                <line number="45" hits="0" branch="false" />
                <line number="46" hits="0" branch="false" />
                <line number="47" hits="0" branch="false" />
                <line number="48" hits="0" branch="false" />
                <line number="49" hits="0" branch="false" />
                <line number="50" hits="0" branch="false" />
                <line number="54" hits="0" branch="true" condition-coverage="0% (0/2)" />
                <line number="64" hits="0" branch="true" condition-coverage="0% (0/6)" />
              </lines>
            </method>
          </methods>
          <lines>
            <line number="6" hits="0" branch="false" />
            <line number="8" hits="0" branch="false" />
            <line number="11" hits="0" branch="false" />
            <line number="12" hits="0" branch="false" />
            <line number="13" hits="0" branch="false" />
            <line number="14" hits="0" branch="false" />
            <line number="15" hits="0" branch="true" condition-coverage="0% (0/44)" />
            <line number="16" hits="0" branch="false" />
            <line number="17" hits="0" branch="false" />
            <line number="18" hits="0" branch="false" />
            <line number="19" hits="0" branch="false" />
            <line number="20" hits="0" branch="false" />
            <line number="21" hits="0" branch="false" />
            <line number="22" hits="0" branch="false" />
            <line number="23" hits="0" branch="false" />
            <line number="24" hits="0" branch="false" />
            <line number="25" hits="0" branch="false" />
            <line number="26" hits="0" branch="false" />
            <line number="27" hits="0" branch="false" />
            <line number="28" hits="0" branch="false" />
            <line number="29" hits="0" branch="false" />
[...]
                <line number="30" hits="12" branch="false" />
                <line number="31" hits="12" branch="false" />
              </lines>
            </method>
            <method name="GetEnrolmentsByStudent" signature="(System.Int32)" line-rate="1" branch-rate="1" complexity="1">
              <lines>
                <line number="36" hits="8" branch="false" />
              </lines>
            </method>
            <method name="DeactivateEnrolment" signature="(System.Int32)" line-rate="1" branch-rate="1" complexity="2">
              <lines>
                <line number="41" hits="4" branch="false" />
                <line number="42" hits="2" branch="true" condition-coverage="100% (2/2)" />
                <line number="43" hits="2" branch="false" />
                <line number="44" hits="2" branch="false" />
              </lines>
            </method>
            <method name=".ctor" signature="()" line-rate="1" branch-rate="1" complexity="1">
              <lines>
                <line number="10" hits="10" branch="false" />
                <line number="11" hits="10" branch="false" />
              </lines>
            </method>
          </methods>
          <lines>
            <line number="10" hits="10" branch="false" />
            <line number="11" hits="10" branch="false" />
            <line number="15" hits="16" branch="true" condition-coverage="100% (4/4)" />
            <line number="16" hits="2" branch="false" />
            <line number="18" hits="22" branch="true" condition-coverage="100% (4/4)" />
            <line number="19" hits="2" branch="false" />
            <line number="21" hits="12" branch="false" />
            <line number="22" hits="12" branch="false" />
            <line number="23" hits="12" branch="false" />
            <line number="24" hits="12" branch="false" />
            <line number="25" hits="12" branch="false" />
            <line number="26" hits="12" branch="false" />
            <line number="27" hits="12" branch="false" />
            <line number="28" hits="12" branch="false" />
            <line number="30" hits="12" branch="false" />
            <line number="31" hits="12" branch="false" />
            <line number="36" hits="8" branch="false" />
            <line number="41" hits="4" branch="false" />
            <line number="42" hits="2" branch="true" condition-coverage="100% (2/2)" />
            <line number="43" hits="2" branch="false" />
            <line number="44" hits="2" branch="false" />
          </lines>
        </class>
        <class name="Library.MVC.Services.CourseService" filename="/home/runner/work/oop-s2-1-mvc-83361/oop-s2-1-mvc-83361/Library.MVC/Services/CourseService.cs" line-rate="0.9545454545454546" branch-rate="0.8333333333333334" complexity="10">
          <methods>
            <method name="CreateCourse" signature="(System.String,System.Int32,System.DateTime,System.DateTime,System.Int32)" line-rate="0.9411764705882353" branch-rate="0.8333333333333334" complexity="6">
              <lines>
                <line number="15" hits="18" branch="true" condition-coverage="100% (2/2)" />
                <line number="16" hits="2" branch="false" />
                <line number="18" hits="16" branch="true" condition-coverage="50% (1/2)" />
                <line number="19" hits="0" branch="false" />
                <line number="21" hits="16" branch="true" condition-coverage="100% (2/2)" />
                <line number="22" hits="2" branch="false" />
                <line number="24" hits="14" branch="false" />
                <line number="25" hits="14" branch="false" />
                <line number="26" hits="14" branch="false" />
                <line number="27" hits="14" branch="false" />
                <line number="28" hits="14" branch="false" />
                <line number="29" hits="14" branch="false" />
                <line number="30" hits="14" branch="false" />
                <line number="31" hits="14" branch="false" />
                <line number="32" hits="14" branch="false" />
                <line number="34" hits="14" branch="false" />
                <line number="35" hits="14" branch="false" />
              </lines>
            </method>
            <method name="GetCoursesByFaculty" signature="(System.Int32)" line-rate="1" branch-rate="1" complexity="1">
              <lines>
                <line number="40" hits="8" branch="false" />
              </lines>
            </method>
            <method name="GetById" signature="(System.Int32)" line-rate="1" branch-rate="1" complexity="1">
              <lines>
                <line number="45" hits="4" branch="false" />
              </lines>
            </method>
            <method name="GetAll" signature="()" line-rate="1" branch-rate="1" complexity="1">
              <lines>
                <line number="50" hits="2" branch="false" />
              </lines>
            </method>
            <method name=".ctor" signature="()" line-rate="1" branch-rate="1" complexity="1">
              <lines>
                <line number="10" hits="12" branch="false" />
                <line number="11" hits="12" branch="false" />
              </lines>
            </method>
          </methods>
          <lines>
            <line number="10" hits="12" branch="false" />
            <line number="11" hits="12" branch="false" />
            <line number="15" hits="18" branch="true" condition-coverage="100% (2/2)" />
            <line number="16" hits="2" branch="false" />
            <line number="18" hits="16" branch="true" condition-coverage="50% (1/2)" />
            <line number="19" hits="0" branch="false" />
            <line number="21" hits="16" branch="true" condition-coverage="100% (2/2)" />
            <line number="22" hits="2" branch="false" />
            <line number="24" hits="14" branch="false" />
            <line number="25" hits="14" branch="false" />
            <line number="26" hits="14" branch="false" />
            <line number="27" hits="14" branch="false" />
            <line number="28" hits="14" branch="false" />
            <line number="29" hits="14" branch="false" />
            <line number="30" hits="14" branch="false" />
            <line number="31" hits="14" branch="false" />
            <line number="32" hits="14" branch="false" />
            <line number="34" hits="14" branch="false" />
            <line number="35" hits="14" branch="false" />
            <line number="40" hits="8" branch="false" />
            <line number="45" hits="4" branch="false" />
            <line number="50" hits="2" branch="false" />
          </lines>
        </class>
        <class name="Library.MVC.Services.ExamResultService" filename="/home/runner/work/oop-s2-1-mvc-83361/oop-s2-1-mvc-83361/Library.MVC/Services/ExamResultService.cs" line-rate="0.8888888888888888" branch-rate="0.6428571428571429" complexity="17">
          <methods>
            <method name="CreateResult" signature="(System.Int32,System.Int32,System.Double,Library.Domain.Exam)" line-rate="0.9333333333333333" branch-rate="0.8333333333333334" complexity="6">
              <lines>
                <line number="15" hits="22" branch="true" condition-coverage="50% (1/2)" />
                <line number="16" hits="0" branch="false" />
                <line number="18" hits="22" branch="true" condition-coverage="100% (4/4)" />
                <line number="19" hits="4" branch="false" />
                <line number="21" hits="18" branch="false" />
                <line number="22" hits="18" branch="false" />
                <line number="23" hits="18" branch="false" />
                <line number="24" hits="18" branch="false" />
                <line number="25" hits="18" branch="false" />
                <line number="26" hits="18" branch="false" />
                <line number="27" hits="18" branch="false" />
                <line number="28" hits="18" branch="false" />
                <line number="29" hits="18" branch="false" />
                <line number="31" hits="18" branch="false" />
                <line number="32" hits="18" branch="false" />
              </lines>
            </method>
            <method name="GetResultById" signature="(System.Int32)" line-rate="1" branch-rate="1" complexity="1">
              <lines>
                <line number="37" hits="4" branch="false" />
              </lines>
            </method>
            <method name="GetAllResults" signature="()" line-rate="1" branch-rate="1" complexity="1">
              <lines>
                <line number="42" hits="2" branch="false" />
              </lines>
            </method>
            <method name="GetResultsForStudent" signature="(System.Int32,System.Boolean)" line-rate="1" branch-rate="0.6666666666666666" complexity="6">
              <lines>
                <line number="47" hits="6" branch="false" />
                <line number="48" hits="6" branch="false" />
                <line number="49" hits="6" branch="true" condition-coverage="67% (4/6)" />
                <line number="50" hits="6" branch="false" />
                <line number="51" hits="6" branch="false" />
                <line number="52" hits="6" branch="false" />
              </lines>
            </method>
            <method name="CalculateGrade" signature="(System.Double,System.Int32)" line-rate="0" branch-rate="0" complexity="2">
              <lines>
                <line number="57" hits="0" branch="true" condition-coverage="0% (0/2)" />
                <line number="58" hits="0" branch="false" />
              </lines>
            </method>
            <method name=".ctor" signature="()" line-rate="1" branch-rate="1" complexity="1">
              <lines>
                <line number="10" hits="20" branch="false" />
                <line number="11" hits="20" branch="false" />
              </lines>
            </method>
          </methods>
          <lines>
            <line number="10" hits="20" branch="false" />
            <line number="11" hits="20" branch="false" />
            <line number="15" hits="22" branch="true" condition-coverage="50% (1/2)" />
            <line number="16" hits="0" branch="false" />
            <line number="18" hits="22" branch="true" condition-coverage="100% (4/4)" />
            <line number="19" hits="4" branch="false" />
            <line number="21" hits="18" branch="false" />
            <line number="22" hits="18" branch="false" />
            <line number="23" hits="18" branch="false" />
            <line number="24" hits="18" branch="false" />
            <line number="25" hits="18" branch="false" />
            <line number="26" hits="18" branch="false" />
            <line number="27" hits="18" branch="false" />
            <line number="28" hits="18" branch="false" />
            <line number="29" hits="18" branch="false" />
            <line number="31" hits="18" branch="false" />
            <line number="32" hits="18" branch="false" />
            <line number="37" hits="4" branch="false" />
            <line number="42" hits="2" branch="false" />
            <line number="47" hits="6" branch="false" />
            <line number="48" hits="6" branch="false" />
            <line number="49" hits="6" branch="true" condition-coverage="67% (4/6)" />
            <line number="50" hits="6" branch="false" />
            <line number="51" hits="6" branch="false" />
            <line number="52" hits="6" branch="false" />
            <line number="57" hits="0" branch="true" condition-coverage="0% (0/2)" />
            <line number="58" hits="0" branch="false" />
          </lines>
        </class>
        <class name="Library.MVC.Services.FacultyProfileService" filename="/home/runner/work/oop-s2-1-mvc-83361/oop-s2-1-mvc-83361/Library.MVC/Services/FacultyProfileService.cs" line-rate="1" branch-rate="0.8333333333333334" complexity="15">
          <methods>
            <method name="CreateFaculty" signature="(System.String,System.String,System.String)" line-rate="1" branch-rate="1" complexity="6">
              <lines>
                <line number="16" hits="20" branch="true" condition-coverage="100% (2/2)" />
                <line number="17" hits="18" branch="true" condition-coverage="100% (2/2)" />
                <line number="18" hits="16" branch="true" condition-coverage="100% (2/2)" />
                <line number="20" hits="12" branch="false" />
                <line number="21" hits="12" branch="false" />
                <line number="22" hits="12" branch="false" />
                <line number="23" hits="12" branch="false" />
                <line number="24" hits="12" branch="false" />
                <line number="25" hits="12" branch="false" />
                <line number="26" hits="12" branch="false" />
                <line number="28" hits="12" branch="false" />
                <line number="29" hits="12" branch="false" />
              </lines>
            </method>
            <method name="GetFacultyById" signature="(System.Int32)" line-rate="1" branch-rate="1" complexity="1">
              <lines>
                <line number="33" hits="16" branch="false" />
              </lines>
            </method>
            <method name="GetAllFaculty" signature="()" line-rate="1" branch-rate="1" complexity="1">
              <lines>
                <line number="36" hits="2" branch="false" />
              </lines>
            </method>
            <method name="AssignCourse" signature="(System.Int32,Library.Domain.Course)" line-rate="1" branch-rate="0.75" complexity="4">
              <lines>
                <line number="41" hits="4" branch="false" />
                <line number="42" hits="4" branch="true" condition-coverage="50% (1/2)" />
                <line number="44" hits="4" branch="true" condition-coverage="100% (2/2)" />
                <line number="45" hits="4" branch="false" />
                <line number="46" hits="4" branch="false" />
              </lines>
            </method>
            <method name="RemoveCourse" signature="(System.Int32,Library.Domain.Course)" line-rate="1" branch-rate="0.5" complexity="2">
              <lines>
                <line number="51" hits="2" branch="false" />
                <line number="52" hits="2" branch="true" condition-coverage="50% (1/2)" />
                <line number="54" hits="2" branch="false" />
                <line number="55" hits="2" branch="false" />
              </lines>
            </method>
            <method name=".ctor" signature="()" line-rate="1" branch-rate="1" complexity="1">
              <lines>
                <line number="10" hits="16" branch="false" />
                <line number="11" hits="16" branch="false" />
              </lines>
            </method>
          </methods>
          <lines>
            <line number="10" hits="16" branch="false" />
            <line number="11" hits="16" branch="false" />
            <line number="16" hits="20" branch="true" condition-coverage="100% (2/2)" />
            <line number="17" hits="18" branch="true" condition-coverage="100% (2/2)" />
            <line number="18" hits="16" branch="true" condition-coverage="100% (2/2)" />
            <line number="20" hits="12" branch="false" />
            <line number="21" hits="12" branch="false" />
            <line number="22" hits="12" branch="false" />
            <line number="23" hits="12" branch="false" />
            <line number="24" hits="12" branch="false" />
            <line number="25" hits="12" branch="false" />
            <line number="26" hits="12" branch="false" />
            <line number="28" hits="12" branch="false" />
            <line number="29" hits="12" branch="false" />
            <line number="33" hits="16" branch="false" />
            <line number="36" hits="2" branch="false" />
            <line number="41" hits="4" branch="false" />
            <line number="42" hits="4" branch="true" condition-coverage="50% (1/2)" />
            <line number="44" hits="4" branch="true" condition-coverage="100% (2/2)" />
            <line number="45" hits="4" branch="false" />
            <line number="46" hits="4" branch="false" />
            <line number="51" hits="2" branch="false" />
            <line number="52" hits="2" branch="true" condition-coverage="50% (1/2)" />
            <line number="54" hits="2" branch="false" />
            <line number="55" hits="2" branch="false" />
          </lines>
        </class>
        <class name="Library.MVC.Services.StudentProfileService" filename="/home/runner/work/oop-s2-1-mvc-83361/oop-s2-1-mvc-83361/Library.MVC/Services/StudentProfileService.cs" line-rate="1" branch-rate="1" complexity="11">
          <methods>
            <method name="CreateStudent" signature="(System.String,System.String,System.String,System.String)" line-rate="1" branch-rate="1" complexity="8">
              <lines>
                <line number="15" hits="18" branch="true" condition-coverage="100% (2/2)" />
                <line number="16" hits="16" branch="true" condition-coverage="100% (2/2)" />
                <line number="17" hits="14" branch="true" condition-coverage="100% (2/2)" />
                <line number="18" hits="12" branch="true" condition-coverage="100% (2/2)" />
                <line number="20" hits="8" branch="false" />
                <line number="21" hits="8" branch="false" />
                <line number="22" hits="8" branch="false" />
                <line number="23" hits="8" branch="false" />
                <line number="24" hits="8" branch="false" />
                <line number="25" hits="8" branch="false" />
                <line number="26" hits="8" branch="false" />
                <line number="27" hits="8" branch="false" />
                <line number="29" hits="8" branch="false" />
                <line number="30" hits="8" branch="false" />
              </lines>
            </method>
            <method name="GetStudentById" signature="(System.Int32)" line-rate="1" branch-rate="1" complexity="1">
              <lines>
                <line number="33" hits="6" branch="false" />
              </lines>
            </method>
            <method name="GetAllStudents" signature="()" line-rate="1" branch-rate="1" complexity="1">
              <lines>
                <line number="35" hits="2" branch="false" />
              </lines>
            </method>
            <method name=".ctor" signature="()" line-rate="1" branch-rate="1" complexity="1">
              <lines>
                <line number="10" hits="16" branch="false" />
                <line number="11" hits="16" branch="false" />
              </lines>
            </method>
          </methods>
          <lines>
            <line number="10" hits="16" branch="false" />
            <line number="11" hits="16" branch="false" />
            <line number="15" hits="18" branch="true" condition-coverage="100% (2/2)" />
            <line number="16" hits="16" branch="true" condition-coverage="100% (2/2)" />
            <line number="17" hits="14" branch="true" condition-coverage="100% (2/2)" />
            <line number="18" hits="12" branch="true" condition-coverage="100% (2/2)" />
            <line number="20" hits="8" branch="false" />
            <line number="21" hits="8" branch="false" />
            <line number="22" hits="8" branch="false" />
            <line number="23" hits="8" branch="false" />
            <line number="24" hits="8" branch="false" />
            <line number="25" hits="8" branch="false" />
            <line number="26" hits="8" branch="false" />
            <line number="27" hits="8" branch="false" />
            <line number="29" hits="8" branch="false" />
            <line number="30" hits="8" branch="false" />
            <line number="33" hits="6" branch="false" />
            <line number="35" hits="2" branch="false" />
          </lines>
        </class>
      </classes>
    </package>
  </packages>
</coverage>